[INFO] Scanning for projects...
[WARNING] 
[WARNING] Some problems were encountered while building the effective model for cn.zjw:mrs:jar:0.0.1-SNAPSHOT
[WARNING] 'dependencies.dependency.(groupId:artifactId:type:classifier)' must be unique: mysql:mysql-connector-java:jar -> version (?) vs 8.0.28 @ line 117, column 15
[WARNING] 
[WARNING] It is highly recommended to fix these problems because they threaten the stability of your build.
[WARNING] 
[WARNING] For this reason, future Maven versions might no longer support building such malformed projects.
[WARNING] 
[INFO] 
[INFO] -----------------------------< cn.zjw:mrs >-----------------------------
[INFO] Building movie_recommendation_system 0.0.1-SNAPSHOT
[INFO]   from pom.xml
[INFO] --------------------------------[ jar ]---------------------------------
[INFO] 
[INFO] >>> spring-boot:2.6.6:run (default-cli) > test-compile @ mrs >>>
[INFO] 
[INFO] --- resources:3.2.0:resources (default-resources) @ mrs ---
[INFO] Using 'UTF-8' encoding to copy filtered resources.
[INFO] Using 'UTF-8' encoding to copy filtered properties files.
[INFO] Copying 1 resource
[INFO] Copying 156 resources
[INFO] 
[INFO] --- compiler:3.8.1:compile (default-compile) @ mrs ---
[INFO] Nothing to compile - all classes are up to date
[INFO] 
[INFO] --- resources:3.2.0:testResources (default-testResources) @ mrs ---
[INFO] Using 'UTF-8' encoding to copy filtered resources.
[INFO] Using 'UTF-8' encoding to copy filtered properties files.
[INFO] skip non existing resourceDirectory /Users/annyxiao/Desktop/Graduation_Design/movie_recommendation_system_server/src/test/resources
[INFO] 
[INFO] --- compiler:3.8.1:testCompile (default-testCompile) @ mrs ---
[INFO] Nothing to compile - all classes are up to date
[INFO] 
[INFO] <<< spring-boot:2.6.6:run (default-cli) < test-compile @ mrs <<<
[INFO] 
[INFO] 
[INFO] --- spring-boot:2.6.6:run (default-cli) @ mrs ---
[INFO] Attaching agents: []
21:29:56.385 [Thread-0] DEBUG org.springframework.boot.devtools.restart.classloader.RestartClassLoader - Created RestartClassLoader org.springframework.boot.devtools.restart.classloader.RestartClassLoader@5f5a25ea

  .   ____          _            __ _ _
 /\\ / ___'_ __ _ _(_)_ __  __ _ \ \ \ \
( ( )\___ | '_ | '_| | '_ \/ _` | \ \ \ \
 \\/  ___)| |_)| | | | | || (_| |  ) ) ) )
  '  |____| .__|_| |_|_| |_\__, | / / / /
 =========|_|==============|___/=/_/_/_/
 :: Spring Boot ::                (v2.6.6)

2025-05-15 21:29:56.890  INFO 80561 --- [  restartedMain] z.m.MovieRecommendationSystemApplication : Starting MovieRecommendationSystemApplication using Java 17.0.10 on AnnydeMacBook-Pro.local with PID 80561 (/Users/annyxiao/Desktop/Graduation_Design/movie_recommendation_system_server/target/classes started by annyxiao in /Users/annyxiao/Desktop/Graduation_Design/movie_recommendation_system_server)
2025-05-15 21:29:56.891  INFO 80561 --- [  restartedMain] z.m.MovieRecommendationSystemApplication : No active profile set, falling back to 1 default profile: "default"
2025-05-15 21:29:56.954  INFO 80561 --- [  restartedMain] o.s.b.devtools.restart.ChangeableUrls    : The Class-Path manifest attribute in /Users/annyxiao/Documents/JavaEE/repmvn/org/bytedeco/openblas-platform/0.3.9-1-1.5.3/openblas-platform-0.3.9-1-1.5.3.jar referenced one or more files that do not exist: file:/Users/annyxiao/Documents/JavaEE/repmvn/org/bytedeco/openblas-platform/0.3.9-1-1.5.3/openblas.jar,file:/Users/annyxiao/Documents/JavaEE/repmvn/org/bytedeco/openblas-platform/0.3.9-1-1.5.3/openblas-linux-x86.jar,file:/Users/annyxiao/Documents/JavaEE/repmvn/org/bytedeco/openblas-platform/0.3.9-1-1.5.3/openblas-linux-x86_64.jar,file:/Users/annyxiao/Documents/JavaEE/repmvn/org/bytedeco/openblas-platform/0.3.9-1-1.5.3/openblas-linux-armhf.jar,file:/Users/annyxiao/Documents/JavaEE/repmvn/org/bytedeco/openblas-platform/0.3.9-1-1.5.3/openblas-linux-arm64.jar,file:/Users/annyxiao/Documents/JavaEE/repmvn/org/bytedeco/openblas-platform/0.3.9-1-1.5.3/openblas-linux-ppc64le.jar,file:/Users/annyxiao/Documents/JavaEE/repmvn/org/bytedeco/openblas-platform/0.3.9-1-1.5.3/openblas-macosx-x86_64.jar,file:/Users/annyxiao/Documents/JavaEE/repmvn/org/bytedeco/openblas-platform/0.3.9-1-1.5.3/openblas-windows-x86.jar,file:/Users/annyxiao/Documents/JavaEE/repmvn/org/bytedeco/openblas-platform/0.3.9-1-1.5.3/openblas-windows-x86_64.jar
2025-05-15 21:29:56.954  INFO 80561 --- [  restartedMain] o.s.b.devtools.restart.ChangeableUrls    : The Class-Path manifest attribute in /Users/annyxiao/Documents/JavaEE/repmvn/org/bytedeco/javacpp-platform/1.5.3/javacpp-platform-1.5.3.jar referenced one or more files that do not exist: file:/Users/annyxiao/Documents/JavaEE/repmvn/org/bytedeco/javacpp-platform/1.5.3/javacpp.jar,file:/Users/annyxiao/Documents/JavaEE/repmvn/org/bytedeco/javacpp-platform/1.5.3/javacpp-linux-armhf.jar,file:/Users/annyxiao/Documents/JavaEE/repmvn/org/bytedeco/javacpp-platform/1.5.3/javacpp-linux-arm64.jar,file:/Users/annyxiao/Documents/JavaEE/repmvn/org/bytedeco/javacpp-platform/1.5.3/javacpp-linux-ppc64le.jar,file:/Users/annyxiao/Documents/JavaEE/repmvn/org/bytedeco/javacpp-platform/1.5.3/javacpp-linux-x86.jar,file:/Users/annyxiao/Documents/JavaEE/repmvn/org/bytedeco/javacpp-platform/1.5.3/javacpp-linux-x86_64.jar,file:/Users/annyxiao/Documents/JavaEE/repmvn/org/bytedeco/javacpp-platform/1.5.3/javacpp-macosx-x86_64.jar,file:/Users/annyxiao/Documents/JavaEE/repmvn/org/bytedeco/javacpp-platform/1.5.3/javacpp-windows-x86.jar,file:/Users/annyxiao/Documents/JavaEE/repmvn/org/bytedeco/javacpp-platform/1.5.3/javacpp-windows-x86_64.jar
2025-05-15 21:29:56.954  INFO 80561 --- [  restartedMain] o.s.b.devtools.restart.ChangeableUrls    : The Class-Path manifest attribute in /Users/annyxiao/Documents/JavaEE/repmvn/org/bytedeco/openblas/0.3.9-1-1.5.3/openblas-0.3.9-1-1.5.3.jar referenced one or more files that do not exist: file:/Users/annyxiao/Documents/JavaEE/repmvn/org/bytedeco/openblas/0.3.9-1-1.5.3/javacpp.jar
2025-05-15 21:29:56.954  INFO 80561 --- [  restartedMain] o.s.b.devtools.restart.ChangeableUrls    : The Class-Path manifest attribute in /Users/annyxiao/Documents/JavaEE/repmvn/org/bytedeco/mkl-platform/2020.1-1.5.3/mkl-platform-2020.1-1.5.3.jar referenced one or more files that do not exist: file:/Users/annyxiao/Documents/JavaEE/repmvn/org/bytedeco/mkl-platform/2020.1-1.5.3/mkl.jar,file:/Users/annyxiao/Documents/JavaEE/repmvn/org/bytedeco/mkl-platform/2020.1-1.5.3/mkl-linux-x86.jar,file:/Users/annyxiao/Documents/JavaEE/repmvn/org/bytedeco/mkl-platform/2020.1-1.5.3/mkl-linux-x86_64.jar,file:/Users/annyxiao/Documents/JavaEE/repmvn/org/bytedeco/mkl-platform/2020.1-1.5.3/mkl-macosx-x86_64.jar,file:/Users/annyxiao/Documents/JavaEE/repmvn/org/bytedeco/mkl-platform/2020.1-1.5.3/mkl-windows-x86.jar,file:/Users/annyxiao/Documents/JavaEE/repmvn/org/bytedeco/mkl-platform/2020.1-1.5.3/mkl-windows-x86_64.jar
2025-05-15 21:29:56.954  INFO 80561 --- [  restartedMain] o.s.b.devtools.restart.ChangeableUrls    : The Class-Path manifest attribute in /Users/annyxiao/Documents/JavaEE/repmvn/org/bytedeco/mkl/2020.1-1.5.3/mkl-2020.1-1.5.3.jar referenced one or more files that do not exist: file:/Users/annyxiao/Documents/JavaEE/repmvn/org/bytedeco/mkl/2020.1-1.5.3/javacpp.jar
2025-05-15 21:29:56.954  INFO 80561 --- [  restartedMain] o.s.b.devtools.restart.ChangeableUrls    : The Class-Path manifest attribute in /Users/annyxiao/Documents/JavaEE/repmvn/net/java/dev/jna/jna-platform/4.3.0/jna-platform-4.3.0.jar referenced one or more files that do not exist: file:/Users/annyxiao/Documents/JavaEE/repmvn/net/java/dev/jna/jna-platform/4.3.0/lib/jna.jar,file:/Users/annyxiao/Documents/JavaEE/repmvn/net/java/dev/jna/jna-platform/4.3.0/lib/test-classes/
2025-05-15 21:29:56.954  INFO 80561 --- [  restartedMain] o.s.b.devtools.restart.ChangeableUrls    : The Class-Path manifest attribute in /Users/annyxiao/Documents/JavaEE/repmvn/com/sun/xml/bind/jaxb-impl/2.2.3-1/jaxb-impl-2.2.3-1.jar referenced one or more files that do not exist: file:/Users/annyxiao/Documents/JavaEE/repmvn/com/sun/xml/bind/jaxb-impl/2.2.3-1/jaxb-api.jar,file:/Users/annyxiao/Documents/JavaEE/repmvn/com/sun/xml/bind/jaxb-impl/2.2.3-1/activation.jar,file:/Users/annyxiao/Documents/JavaEE/repmvn/com/sun/xml/bind/jaxb-impl/2.2.3-1/jsr173_1.0_api.jar,file:/Users/annyxiao/Documents/JavaEE/repmvn/com/sun/xml/bind/jaxb-impl/2.2.3-1/jaxb1-impl.jar
2025-05-15 21:29:56.955  INFO 80561 --- [  restartedMain] .e.DevToolsPropertyDefaultsPostProcessor : Devtools property defaults active! Set 'spring.devtools.add-properties' to 'false' to disable
2025-05-15 21:29:56.955  INFO 80561 --- [  restartedMain] .e.DevToolsPropertyDefaultsPostProcessor : For additional web related logging consider setting the 'logging.level.web' property to 'DEBUG'
2025-05-15 21:29:57.835  INFO 80561 --- [  restartedMain] .s.d.r.c.RepositoryConfigurationDelegate : Multiple Spring Data modules found, entering strict repository configuration mode!
2025-05-15 21:29:57.837  INFO 80561 --- [  restartedMain] .s.d.r.c.RepositoryConfigurationDelegate : Bootstrapping Spring Data Redis repositories in DEFAULT mode.
2025-05-15 21:29:57.876  INFO 80561 --- [  restartedMain] .s.d.r.c.RepositoryConfigurationDelegate : Finished Spring Data repository scanning in 17 ms. Found 0 Redis repository interfaces.
2025-05-15 21:29:58.873  INFO 80561 --- [  restartedMain] o.s.b.w.embedded.tomcat.TomcatWebServer  : Tomcat initialized with port(s): 8888 (http)
2025-05-15 21:29:58.889  INFO 80561 --- [  restartedMain] o.apache.catalina.core.StandardService   : Starting service [Tomcat]
2025-05-15 21:29:58.890  INFO 80561 --- [  restartedMain] org.apache.catalina.core.StandardEngine  : Starting Servlet engine: [Apache Tomcat/9.0.60]
2025-05-15 21:29:59.000  INFO 80561 --- [  restartedMain] o.a.c.c.C.[Tomcat].[localhost].[/]       : Initializing Spring embedded WebApplicationContext
2025-05-15 21:29:59.000  INFO 80561 --- [  restartedMain] w.s.c.ServletWebServerApplicationContext : Root WebApplicationContext: initialization completed in 2045 ms
Logging initialized using 'class org.apache.ibatis.logging.stdout.StdOutImpl' adapter.
Registered plugin: 'com.baomidou.mybatisplus.extension.plugins.MybatisPlusInterceptor@4fcba4f1'
Parsed mapper file: 'file [/Users/annyxiao/Desktop/Graduation_Design/movie_recommendation_system_server/target/classes/mapper/CommentMapper.xml]'
Parsed mapper file: 'file [/Users/annyxiao/Desktop/Graduation_Design/movie_recommendation_system_server/target/classes/mapper/MovieFeatureMapper.xml]'
Parsed mapper file: 'file [/Users/annyxiao/Desktop/Graduation_Design/movie_recommendation_system_server/target/classes/mapper/MovieMapper.xml]'
Can not find table primary key in Class: "cn.zjw.mrs.entity.MovieRegion".
2025-05-15 21:29:59.992  WARN 80561 --- [  restartedMain] c.b.m.core.injector.DefaultSqlInjector   : class cn.zjw.mrs.entity.MovieRegion ,Not found @TableId annotation, Cannot use Mybatis-Plus 'xxById' Method.
Parsed mapper file: 'file [/Users/annyxiao/Desktop/Graduation_Design/movie_recommendation_system_server/target/classes/mapper/MovieRegionMapper.xml]'
Can not find table primary key in Class: "cn.zjw.mrs.entity.MovieType".
2025-05-15 21:30:00.060  WARN 80561 --- [  restartedMain] c.b.m.core.injector.DefaultSqlInjector   : class cn.zjw.mrs.entity.MovieType ,Not found @TableId annotation, Cannot use Mybatis-Plus 'xxById' Method.
Parsed mapper file: 'file [/Users/annyxiao/Desktop/Graduation_Design/movie_recommendation_system_server/target/classes/mapper/MovieTypeMapper.xml]'
Can not find table primary key in Class: "cn.zjw.mrs.entity.Recommendation".
2025-05-15 21:30:00.114  WARN 80561 --- [  restartedMain] c.b.m.core.injector.DefaultSqlInjector   : class cn.zjw.mrs.entity.Recommendation ,Not found @TableId annotation, Cannot use Mybatis-Plus 'xxById' Method.
Parsed mapper file: 'file [/Users/annyxiao/Desktop/Graduation_Design/movie_recommendation_system_server/target/classes/mapper/RecommendationMapper.xml]'
Can not find table primary key in Class: "cn.zjw.mrs.entity.RegionLike".
2025-05-15 21:30:00.137  WARN 80561 --- [  restartedMain] c.b.m.core.injector.DefaultSqlInjector   : class cn.zjw.mrs.entity.RegionLike ,Not found @TableId annotation, Cannot use Mybatis-Plus 'xxById' Method.
Parsed mapper file: 'file [/Users/annyxiao/Desktop/Graduation_Design/movie_recommendation_system_server/target/classes/mapper/RegionLikeMapper.xml]'
Can not find table primary key in Class: "cn.zjw.mrs.entity.SameLikes".
2025-05-15 21:30:00.152  WARN 80561 --- [  restartedMain] c.b.m.core.injector.DefaultSqlInjector   : class cn.zjw.mrs.entity.SameLikes ,Not found @TableId annotation, Cannot use Mybatis-Plus 'xxById' Method.
Parsed mapper file: 'file [/Users/annyxiao/Desktop/Graduation_Design/movie_recommendation_system_server/target/classes/mapper/SameLikesMapper.xml]'
Can not find table primary key in Class: "cn.zjw.mrs.entity.TypeLike".
2025-05-15 21:30:00.178  WARN 80561 --- [  restartedMain] c.b.m.core.injector.DefaultSqlInjector   : class cn.zjw.mrs.entity.TypeLike ,Not found @TableId annotation, Cannot use Mybatis-Plus 'xxById' Method.
Parsed mapper file: 'file [/Users/annyxiao/Desktop/Graduation_Design/movie_recommendation_system_server/target/classes/mapper/TypeLikeMapper.xml]'
Parsed mapper file: 'file [/Users/annyxiao/Desktop/Graduation_Design/movie_recommendation_system_server/target/classes/mapper/UserLikeMapper.xml]'
Parsed mapper file: 'file [/Users/annyxiao/Desktop/Graduation_Design/movie_recommendation_system_server/target/classes/mapper/UserMapper.xml]'
 _ _   |_  _ _|_. ___ _ |    _ 
| | |\/|_)(_| | |_\  |_)||_|_\ 
     /               |         
                        3.5.1 
头像存储路径: /tmp/avatars
2025-05-15 21:30:01.346  INFO 80561 --- [  restartedMain] cn.zjw.mrs.config.ExecutorConfig         : start asyncServiceExecutor
2025-05-15 21:30:02.299  INFO 80561 --- [  restartedMain] o.s.s.web.DefaultSecurityFilterChain     : Will not secure any request
2025-05-15 21:30:02.444  WARN 80561 --- [  restartedMain] o.s.b.d.a.OptionalLiveReloadServer       : Unable to start LiveReload server
2025-05-15 21:30:02.482  WARN 80561 --- [  restartedMain] ConfigServletWebServerApplicationContext : Exception encountered during context initialization - cancelling refresh attempt: org.springframework.context.ApplicationContextException: Failed to start bean 'webServerStartStop'; nested exception is org.springframework.boot.web.server.PortInUseException: Port 8888 is already in use
2025-05-15 21:30:02.503  INFO 80561 --- [  restartedMain] o.apache.catalina.core.StandardService   : Stopping service [Tomcat]
2025-05-15 21:30:02.527  INFO 80561 --- [  restartedMain] ConditionEvaluationReportLoggingListener : 

Error starting ApplicationContext. To display the conditions report re-run your application with 'debug' enabled.
2025-05-15 21:30:02.561 ERROR 80561 --- [  restartedMain] o.s.b.d.LoggingFailureAnalysisReporter   : 

***************************
APPLICATION FAILED TO START
***************************

Description:

Web server failed to start. Port 8888 was already in use.

Action:

Identify and stop the process that's listening on port 8888 or configure this application to listen on another port.

[INFO] ------------------------------------------------------------------------
[INFO] BUILD FAILURE
[INFO] ------------------------------------------------------------------------
[INFO] Total time:  11.659 s
[INFO] Finished at: 2025-05-15T21:30:03+08:00
[INFO] ------------------------------------------------------------------------
[ERROR] Failed to execute goal org.springframework.boot:spring-boot-maven-plugin:2.6.6:run (default-cli) on project mrs: Application finished with exit code: 1 -> [Help 1]
[ERROR] 
[ERROR] To see the full stack trace of the errors, re-run Maven with the -e switch.
[ERROR] Re-run Maven using the -X switch to enable full debug logging.
[ERROR] 
[ERROR] For more information about the errors and possible solutions, please read the following articles:
[ERROR] [Help 1] http://cwiki.apache.org/confluence/display/MAVEN/MojoExecutionException
